[debug] [2023-12-13T06:54:33.419Z] ----------------------------------------------------------------------
[debug] [2023-12-13T06:54:33.421Z] Command:       C:\Program Files\nodejs\node.exe C:\Users\LENOVO\AppData\Roaming\npm\node_modules\firebase-tools\lib\bin\firebase.js init
[debug] [2023-12-13T06:54:33.421Z] CLI Version:   13.0.1
[debug] [2023-12-13T06:54:33.421Z] Platform:      win32
[debug] [2023-12-13T06:54:33.421Z] Node Version:  v18.12.1
[debug] [2023-12-13T06:54:33.422Z] Time:          Wed Dec 13 2023 14:54:33 GMT+0800 (Waktu Indonesia Tengah)
[debug] [2023-12-13T06:54:33.423Z] ----------------------------------------------------------------------
[debug] 
[debug] [2023-12-13T06:54:33.425Z] >>> [apiv2][query] GET https://firebase-public.firebaseio.com/cli.json [none]
[debug] [2023-12-13T06:54:33.540Z] > command requires scopes: ["email","openid","https://www.googleapis.com/auth/cloudplatformprojects.readonly","https://www.googleapis.com/auth/firebase","https://www.googleapis.com/auth/cloud-platform"]
[debug] [2023-12-13T06:54:33.540Z] > authorizing via signed-in user (vicbradley_21@kharisma.ac.id)
[info] 
     ######## #### ########  ######## ########     ###     ######  ########
     ##        ##  ##     ## ##       ##     ##  ##   ##  ##       ##
     ######    ##  ########  ######   ########  #########  ######  ######
     ##        ##  ##    ##  ##       ##     ## ##     ##       ## ##
     ##       #### ##     ## ######## ########  ##     ##  ######  ########

You're about to initialize a Firebase project in this directory:

  C:\Users\LENOVO\Desktop\TUGAS APLIKASI\saheb

Before we get started, keep in mind:

  * You are initializing within an existing Firebase project directory

[debug] [2023-12-13T06:54:34.134Z] <<< [apiv2][status] GET https://firebase-public.firebaseio.com/cli.json 200
[debug] [2023-12-13T06:54:34.135Z] <<< [apiv2][body] GET https://firebase-public.firebaseio.com/cli.json {"cloudBuildErrorAfter":1594252800000,"cloudBuildWarnAfter":1590019200000,"defaultNode10After":1594252800000,"minVersion":"3.0.5","node8DeploysDisabledAfter":1613390400000,"node8RuntimeDisabledAfter":1615809600000,"node8WarnAfter":1600128000000}
